<?xml version="1.0" encoding="UTF-8"?>
<!-- Generated by org.testng.reporters.JUnitReportReporter -->
<testsuite hostname="harisha" name="com.apple.carnival.ui.localinstall.LocalInstallHotfixUsingForceInstallOptionWhenPackageIsAvailableTests" tests="19" failures="18" timestamp="3 Apr 2015 05:09:49 GMT" time="41.160" errors="0">
  <testcase name="validateFileSystemOnWD40Host1ToCheckSerFileDoesNotExists" time="0.000" classname="com.apple.carnival.ui.localinstall.LocalInstallHotfixUsingForceInstallOptionWhenPackageIsAvailableTests"/>
  <testcase name="validateTaskDetailsLogsAfterUinstall" time="0.000" classname="com.apple.carnival.ui.localinstall.LocalInstallHotfixUsingForceInstallOptionWhenPackageIsAvailableTests"/>
  <testcase name="validateTaskDetailsLogsAfterReinstall" time="0.000" classname="com.apple.carnival.ui.localinstall.LocalInstallHotfixUsingForceInstallOptionWhenPackageIsAvailableTests"/>
  <testcase name="validateTaskDetailsPageAfterReinstall" time="0.000" classname="com.apple.carnival.ui.localinstall.LocalInstallHotfixUsingForceInstallOptionWhenPackageIsAvailableTests"/>
  <testcase name="validateFileSystemOnWD40Host2ToCheckSerFileExists" time="0.000" classname="com.apple.carnival.ui.localinstall.LocalInstallHotfixUsingForceInstallOptionWhenPackageIsAvailableTests"/>
  <testcase name="validateFileSystemOnCarnivalHostToCheckSerFileDoesNotExists" time="0.000" classname="com.apple.carnival.ui.localinstall.LocalInstallHotfixUsingForceInstallOptionWhenPackageIsAvailableTests"/>
  <testcase name="validateEnvironmentInfoPageToCheckPackageIsCurrent" time="0.000" classname="com.apple.carnival.ui.localinstall.LocalInstallHotfixUsingForceInstallOptionWhenPackageIsAvailableTests"/>
  <testcase name="validateEnvironmentInfoPageToCheckPackageIsCurrentAfterReinstall" time="0.001" classname="com.apple.carnival.ui.localinstall.LocalInstallHotfixUsingForceInstallOptionWhenPackageIsAvailableTests"/>
  <testcase name="validateTaskDetailsPageAfterUninstall" time="0.000" classname="com.apple.carnival.ui.localinstall.LocalInstallHotfixUsingForceInstallOptionWhenPackageIsAvailableTests"/>
  <testcase name="uninstallPackageFromCarnivalHostWhileItsCurrent" time="0.000" classname="com.apple.carnival.ui.localinstall.LocalInstallHotfixUsingForceInstallOptionWhenPackageIsAvailableTests"/>
  <testcase name="validateFileSystemOnWD40Host1ToCheckSerFileExists" time="0.000" classname="com.apple.carnival.ui.localinstall.LocalInstallHotfixUsingForceInstallOptionWhenPackageIsAvailableTests"/>
  <testcase name="validateEnvironmentInfoPageToCheckPackageIsNotCurrent" time="0.001" classname="com.apple.carnival.ui.localinstall.LocalInstallHotfixUsingForceInstallOptionWhenPackageIsAvailableTests"/>
  <testcase name="validateFileSystemOnCarnivalHostToCheckCorruptFileDoesNotExists" time="0.000" classname="com.apple.carnival.ui.localinstall.LocalInstallHotfixUsingForceInstallOptionWhenPackageIsAvailableTests"/>
  <testcase name="validateFileSystemOnCarnivalHostToCheckSerFileExists" time="0.000" classname="com.apple.carnival.ui.localinstall.LocalInstallHotfixUsingForceInstallOptionWhenPackageIsAvailableTests"/>
  <testcase name="validateFileSystemOnWD40Host2ToCheckSerFileDoesNotExists" time="0.000" classname="com.apple.carnival.ui.localinstall.LocalInstallHotfixUsingForceInstallOptionWhenPackageIsAvailableTests"/>
  <testcase name="validateFileSystemOnWD40HostToCheckCorruptFileDoesNotExists" time="0.000" classname="com.apple.carnival.ui.localinstall.LocalInstallHotfixUsingForceInstallOptionWhenPackageIsAvailableTests"/>
  <testcase name="reinstallExistingPackageUsingForceOption" time="0.001" classname="com.apple.carnival.ui.localinstall.LocalInstallHotfixUsingForceInstallOptionWhenPackageIsAvailableTests"/>
  <testcase name="installPackageUsingValidPackageName" time="41.156" classname="com.apple.carnival.ui.localinstall.LocalInstallHotfixUsingForceInstallOptionWhenPackageIsAvailableTests">
    <failure type="org.openqa.selenium.TimeoutException" message="Timed out waiting for page load.
Command duration or timeout: 10.01 seconds
Build info: version: &#039;2.43.1&#039;, revision: &#039;5163bceef1bc36d43f3dc0b83c88998168a363a0&#039;, time: &#039;2014-09-10 09:43:55&#039;
System info: host: &#039;harisha&#039;, ip: &#039;17.115.163.211&#039;, os.name: &#039;Mac OS X&#039;, os.arch: &#039;x86_64&#039;, os.version: &#039;10.10.1&#039;, java.version: &#039;1.7.0_67&#039;
Session ID: 829ea54f-2d3e-af44-b75c-271cb7b63a59
Driver info: org.openqa.selenium.firefox.FirefoxDriver
Capabilities [{platform=MAC, databaseEnabled=true, cssSelectorsEnabled=true, javascriptEnabled=true, acceptSslCerts=true, handlesAlerts=true, browserName=firefox, webStorageEnabled=true, nativeEvents=false, rotatable=false, locationContextEnabled=true, applicationCacheEnabled=true, takesScreenshot=true, version=31.6.0}]">
      <![CDATA[org.openqa.selenium.TimeoutException: Timed out waiting for page load.
Command duration or timeout: 10.01 seconds
Build info: version: '2.43.1', revision: '5163bceef1bc36d43f3dc0b83c88998168a363a0', time: '2014-09-10 09:43:55'
System info: host: 'harisha', ip: '17.115.163.211', os.name: 'Mac OS X', os.arch: 'x86_64', os.version: '10.10.1', java.version: '1.7.0_67'
Session ID: 829ea54f-2d3e-af44-b75c-271cb7b63a59
Driver info: org.openqa.selenium.firefox.FirefoxDriver
Capabilities [{platform=MAC, databaseEnabled=true, cssSelectorsEnabled=true, javascriptEnabled=true, acceptSslCerts=true, handlesAlerts=true, browserName=firefox, webStorageEnabled=true, nativeEvents=false, rotatable=false, locationContextEnabled=true, applicationCacheEnabled=true, takesScreenshot=true, version=31.6.0}]
	at sun.reflect.NativeConstructorAccessorImpl.newInstance0(Native Method)
	at sun.reflect.NativeConstructorAccessorImpl.newInstance(NativeConstructorAccessorImpl.java:57)
	at sun.reflect.DelegatingConstructorAccessorImpl.newInstance(DelegatingConstructorAccessorImpl.java:45)
	at java.lang.reflect.Constructor.newInstance(Constructor.java:526)
	at org.openqa.selenium.remote.ErrorHandler.createThrowable(ErrorHandler.java:204)
	at org.openqa.selenium.remote.ErrorHandler.throwIfResponseFailed(ErrorHandler.java:156)
	at org.openqa.selenium.remote.RemoteWebDriver.execute(RemoteWebDriver.java:599)
	at org.openqa.selenium.remote.RemoteWebElement.execute(RemoteWebElement.java:268)
	at org.openqa.selenium.remote.RemoteWebElement.click(RemoteWebElement.java:79)
	at com.apple.carnival.ui.CreateRequestPage.peformLocalInstallHotfix(CreateRequestPage.java:209)
	at com.apple.carnival.ui.localinstall.LocalInstallHotfixUsingForceInstallOptionWhenPackageIsAvailableTests.installPackageUsingValidPackageName(LocalInstallHotfixUsingForceInstallOptionWhenPackageIsAvailableTests.java:101)
	at sun.reflect.NativeMethodAccessorImpl.invoke0(Native Method)
	at sun.reflect.NativeMethodAccessorImpl.invoke(NativeMethodAccessorImpl.java:57)
	at sun.reflect.DelegatingMethodAccessorImpl.invoke(DelegatingMethodAccessorImpl.java:43)
	at java.lang.reflect.Method.invoke(Method.java:606)
	at org.testng.internal.MethodInvocationHelper.invokeMethod(MethodInvocationHelper.java:84)
	at org.testng.internal.Invoker.invokeMethod(Invoker.java:714)
	at org.testng.internal.Invoker.invokeTestMethod(Invoker.java:901)
	at org.testng.internal.Invoker.invokeTestMethods(Invoker.java:1231)
	at org.testng.internal.TestMethodWorker.invokeTestMethods(TestMethodWorker.java:127)
	at org.testng.internal.TestMethodWorker.run(TestMethodWorker.java:111)
	at org.testng.TestRunner.privateRun(TestRunner.java:767)
	at org.testng.TestRunner.run(TestRunner.java:617)
	at org.testng.SuiteRunner.runTest(SuiteRunner.java:334)
	at org.testng.SuiteRunner.runSequentially(SuiteRunner.java:329)
	at org.testng.SuiteRunner.privateRun(SuiteRunner.java:291)
	at org.testng.SuiteRunner.run(SuiteRunner.java:240)
	at org.testng.SuiteRunnerWorker.runSuite(SuiteRunnerWorker.java:52)
	at org.testng.SuiteRunnerWorker.run(SuiteRunnerWorker.java:86)
	at org.testng.TestNG.runSuitesSequentially(TestNG.java:1224)
	at org.testng.TestNG.runSuitesLocally(TestNG.java:1149)
	at org.testng.TestNG.run(TestNG.java:1057)
	at org.testng.remote.RemoteTestNG.run(RemoteTestNG.java:111)
	at org.testng.remote.RemoteTestNG.initAndRun(RemoteTestNG.java:204)
	at org.testng.remote.RemoteTestNG.main(RemoteTestNG.java:175)
Caused by: org.openqa.selenium.TimeoutException: Timed out waiting for page load.
Build info: version: '2.43.1', revision: '5163bceef1bc36d43f3dc0b83c88998168a363a0', time: '2014-09-10 09:43:55'
System info: host: 'harisha', ip: '17.115.163.211', os.name: 'Mac OS X', os.arch: 'x86_64', os.version: '10.10.1', java.version: '1.7.0_67'
Driver info: driver.version: unknown
	at <anonymous class>.Utils.installClickListener/e<(file:///var/folders/lh/brv7ff4d2k180g0g43cb00h00000gn/T/anonymous7287515061881047922webdriver-profile/extensions/fxdriver@googlecode.com/components/command-processor.js:8228:5)
	at <anonymous class>.WebLoadingListener/e(file:///var/folders/lh/brv7ff4d2k180g0g43cb00h00000gn/T/anonymous7287515061881047922webdriver-profile/extensions/fxdriver@googlecode.com/components/command-processor.js:4120:7)
	at <anonymous class>.WebLoadingListener/<(file:///var/folders/lh/brv7ff4d2k180g0g43cb00h00000gn/T/anonymous7287515061881047922webdriver-profile/extensions/fxdriver@googlecode.com/components/command-processor.js:4128:7)
	at <anonymous class>.fxdriver.Timer.prototype.setTimeout/<.notify(file:///var/folders/lh/brv7ff4d2k180g0g43cb00h00000gn/T/anonymous7287515061881047922webdriver-profile/extensions/fxdriver@googlecode.com/components/command-processor.js:548:5)
]]>
    </failure>
  </testcase> <!-- installPackageUsingValidPackageName -->
  <testcase name="init" time="0.001" classname="com.apple.carnival.ui.localinstall.LocalInstallHotfixUsingForceInstallOptionWhenPackageIsAvailableTests"/>
</testsuite> <!-- com.apple.carnival.ui.localinstall.LocalInstallHotfixUsingForceInstallOptionWhenPackageIsAvailableTests -->
