<?xml version="1.0" encoding="UTF-8"?>
<testsuite name="LOCAL-INSTALL-HOTFIX-TESTS"
           tests="19"
           failures="1"
           errors="0"
           skipped="17"
           time="41.160">
  <properties />
            <testcase name="installPackageUsingValidPackageName" time="41.156" classname="com.apple.carnival.ui.localinstall.LocalInstallHotfixUsingForceInstallOptionWhenPackageIsAvailableTests">
                <failure type="org.openqa.selenium.TimeoutException"
                  message="Timed out waiting for page load.
Command duration or timeout: 10.01 seconds
Build info: version: &apos;2.43.1&apos;, revision: &apos;5163bceef1bc36d43f3dc0b83c88998168a363a0&apos;, time: &apos;2014-09-10 09:43:55&apos;
System info: host: &apos;harisha&apos;, ip: &apos;17.115.163.211&apos;, os.name: &apos;Mac OS X&apos;, os.arch: &apos;x86_64&apos;, os.version: &apos;10.10.1&apos;, java.version: &apos;1.7.0_67&apos;
Session ID: 829ea54f-2d3e-af44-b75c-271cb7b63a59
Driver info: org.openqa.selenium.firefox.FirefoxDriver
Capabilities [{platform=MAC, databaseEnabled=true, cssSelectorsEnabled=true, javascriptEnabled=true, acceptSslCerts=true, handlesAlerts=true, browserName=firefox, webStorageEnabled=true, nativeEvents=false, rotatable=false, locationContextEnabled=true, applicationCacheEnabled=true, takesScreenshot=true, version=31.6.0}]"
              >
<![CDATA[org.openqa.selenium.TimeoutException: Timed out waiting for page load.
Command duration or timeout: 10.01 seconds
Build info: version: '2.43.1', revision: '5163bceef1bc36d43f3dc0b83c88998168a363a0', time: '2014-09-10 09:43:55'
System info: host: 'harisha', ip: '17.115.163.211', os.name: 'Mac OS X', os.arch: 'x86_64', os.version: '10.10.1', java.version: '1.7.0_67'
Session ID: 829ea54f-2d3e-af44-b75c-271cb7b63a59
Driver info: org.openqa.selenium.firefox.FirefoxDriver
Capabilities [{platform=MAC, databaseEnabled=true, cssSelectorsEnabled=true, javascriptEnabled=true, acceptSslCerts=true, handlesAlerts=true, browserName=firefox, webStorageEnabled=true, nativeEvents=false, rotatable=false, locationContextEnabled=true, applicationCacheEnabled=true, takesScreenshot=true, version=31.6.0}]
  sun.reflect.NativeConstructorAccessorImpl.newInstance0(Native Method)
  sun.reflect.NativeConstructorAccessorImpl.newInstance(NativeConstructorAccessorImpl.java:57)
  sun.reflect.DelegatingConstructorAccessorImpl.newInstance(DelegatingConstructorAccessorImpl.java:45)
  java.lang.reflect.Constructor.newInstance(Constructor.java:526)
  org.openqa.selenium.remote.ErrorHandler.createThrowable(ErrorHandler.java:204)
  org.openqa.selenium.remote.ErrorHandler.throwIfResponseFailed(ErrorHandler.java:156)
  org.openqa.selenium.remote.RemoteWebDriver.execute(RemoteWebDriver.java:599)
  org.openqa.selenium.remote.RemoteWebElement.execute(RemoteWebElement.java:268)
  org.openqa.selenium.remote.RemoteWebElement.click(RemoteWebElement.java:79)
  com.apple.carnival.ui.CreateRequestPage.peformLocalInstallHotfix(CreateRequestPage.java:209)
  com.apple.carnival.ui.localinstall.LocalInstallHotfixUsingForceInstallOptionWhenPackageIsAvailableTests.installPackageUsingValidPackageName(LocalInstallHotfixUsingForceInstallOptionWhenPackageIsAvailableTests.java:101)
  sun.reflect.NativeMethodAccessorImpl.invoke0(Native Method)
  sun.reflect.NativeMethodAccessorImpl.invoke(NativeMethodAccessorImpl.java:57)
  sun.reflect.DelegatingMethodAccessorImpl.invoke(DelegatingMethodAccessorImpl.java:43)
  java.lang.reflect.Method.invoke(Method.java:606)
  org.testng.internal.MethodInvocationHelper.invokeMethod(MethodInvocationHelper.java:84)
  org.testng.internal.Invoker.invokeMethod(Invoker.java:714)
  org.testng.internal.Invoker.invokeTestMethod(Invoker.java:901)
  org.testng.internal.Invoker.invokeTestMethods(Invoker.java:1231)
  org.testng.internal.TestMethodWorker.invokeTestMethods(TestMethodWorker.java:127)
  org.testng.internal.TestMethodWorker.run(TestMethodWorker.java:111)
  org.testng.TestRunner.privateRun(TestRunner.java:767)
  org.testng.TestRunner.run(TestRunner.java:617)
  org.testng.SuiteRunner.runTest(SuiteRunner.java:334)
  org.testng.SuiteRunner.runSequentially(SuiteRunner.java:329)
  org.testng.SuiteRunner.privateRun(SuiteRunner.java:291)
  org.testng.SuiteRunner.run(SuiteRunner.java:240)
  org.testng.SuiteRunnerWorker.runSuite(SuiteRunnerWorker.java:52)
  org.testng.SuiteRunnerWorker.run(SuiteRunnerWorker.java:86)
  org.testng.TestNG.runSuitesSequentially(TestNG.java:1224)
  org.testng.TestNG.runSuitesLocally(TestNG.java:1149)
  org.testng.TestNG.run(TestNG.java:1057)
  org.testng.remote.RemoteTestNG.run(RemoteTestNG.java:111)
  org.testng.remote.RemoteTestNG.initAndRun(RemoteTestNG.java:204)
  org.testng.remote.RemoteTestNG.main(RemoteTestNG.java:175)
Caused by: org.openqa.selenium.TimeoutException: Timed out waiting for page load.
Build info: version: '2.43.1', revision: '5163bceef1bc36d43f3dc0b83c88998168a363a0', time: '2014-09-10 09:43:55'
System info: host: 'harisha', ip: '17.115.163.211', os.name: 'Mac OS X', os.arch: 'x86_64', os.version: '10.10.1', java.version: '1.7.0_67'
Driver info: driver.version: unknown
  <anonymous class>.Utils.installClickListener/e<(file:///var/folders/lh/brv7ff4d2k180g0g43cb00h00000gn/T/anonymous7287515061881047922webdriver-profile/extensions/fxdriver@googlecode.com/components/command-processor.js:8228:5)
  <anonymous class>.WebLoadingListener/e(file:///var/folders/lh/brv7ff4d2k180g0g43cb00h00000gn/T/anonymous7287515061881047922webdriver-profile/extensions/fxdriver@googlecode.com/components/command-processor.js:4120:7)
  <anonymous class>.WebLoadingListener/<(file:///var/folders/lh/brv7ff4d2k180g0g43cb00h00000gn/T/anonymous7287515061881047922webdriver-profile/extensions/fxdriver@googlecode.com/components/command-processor.js:4128:7)
  <anonymous class>.fxdriver.Timer.prototype.setTimeout/<.notify(file:///var/folders/lh/brv7ff4d2k180g0g43cb00h00000gn/T/anonymous7287515061881047922webdriver-profile/extensions/fxdriver@googlecode.com/components/command-processor.js:548:5)
]]>
      </failure>

          </testcase>
  
            <testcase name="validateTaskDetailsLogsAfterUinstall" time="0.0" classname="com.apple.carnival.ui.localinstall.LocalInstallHotfixUsingForceInstallOptionWhenPackageIsAvailableTests">
          <skipped />
    </testcase>
            <testcase name="validateEnvironmentInfoPageToCheckPackageIsCurrentAfterReinstall" time="0.0" classname="com.apple.carnival.ui.localinstall.LocalInstallHotfixUsingForceInstallOptionWhenPackageIsAvailableTests">
          <skipped />
    </testcase>
            <testcase name="validateTaskDetailsLogsAfterReinstall" time="0.0" classname="com.apple.carnival.ui.localinstall.LocalInstallHotfixUsingForceInstallOptionWhenPackageIsAvailableTests">
          <skipped />
    </testcase>
            <testcase name="validateEnvironmentInfoPageToCheckPackageIsNotCurrent" time="0.0" classname="com.apple.carnival.ui.localinstall.LocalInstallHotfixUsingForceInstallOptionWhenPackageIsAvailableTests">
          <skipped />
    </testcase>
            <testcase name="validateTaskDetailsPageAfterUninstall" time="0.0" classname="com.apple.carnival.ui.localinstall.LocalInstallHotfixUsingForceInstallOptionWhenPackageIsAvailableTests">
          <skipped />
    </testcase>
            <testcase name="validateFileSystemOnWD40Host1ToCheckSerFileExists" time="0.0" classname="com.apple.carnival.ui.localinstall.LocalInstallHotfixUsingForceInstallOptionWhenPackageIsAvailableTests">
          <skipped />
    </testcase>
            <testcase name="validateFileSystemOnWD40Host2ToCheckSerFileExists" time="0.0" classname="com.apple.carnival.ui.localinstall.LocalInstallHotfixUsingForceInstallOptionWhenPackageIsAvailableTests">
          <skipped />
    </testcase>
            <testcase name="validateFileSystemOnWD40Host2ToCheckSerFileDoesNotExists" time="0.0" classname="com.apple.carnival.ui.localinstall.LocalInstallHotfixUsingForceInstallOptionWhenPackageIsAvailableTests">
          <skipped />
    </testcase>
            <testcase name="validateFileSystemOnCarnivalHostToCheckCorruptFileDoesNotExists" time="0.0" classname="com.apple.carnival.ui.localinstall.LocalInstallHotfixUsingForceInstallOptionWhenPackageIsAvailableTests">
          <skipped />
    </testcase>
            <testcase name="validateFileSystemOnWD40HostToCheckCorruptFileDoesNotExists" time="0.0" classname="com.apple.carnival.ui.localinstall.LocalInstallHotfixUsingForceInstallOptionWhenPackageIsAvailableTests">
          <skipped />
    </testcase>
            <testcase name="validateFileSystemOnCarnivalHostToCheckSerFileExists" time="0.0" classname="com.apple.carnival.ui.localinstall.LocalInstallHotfixUsingForceInstallOptionWhenPackageIsAvailableTests">
          <skipped />
    </testcase>
            <testcase name="validateFileSystemOnCarnivalHostToCheckSerFileDoesNotExists" time="0.0" classname="com.apple.carnival.ui.localinstall.LocalInstallHotfixUsingForceInstallOptionWhenPackageIsAvailableTests">
          <skipped />
    </testcase>
            <testcase name="validateEnvironmentInfoPageToCheckPackageIsCurrent" time="0.0" classname="com.apple.carnival.ui.localinstall.LocalInstallHotfixUsingForceInstallOptionWhenPackageIsAvailableTests">
          <skipped />
    </testcase>
            <testcase name="validateTaskDetailsPageAfterReinstall" time="0.0" classname="com.apple.carnival.ui.localinstall.LocalInstallHotfixUsingForceInstallOptionWhenPackageIsAvailableTests">
          <skipped />
    </testcase>
            <testcase name="reinstallExistingPackageUsingForceOption" time="0.0" classname="com.apple.carnival.ui.localinstall.LocalInstallHotfixUsingForceInstallOptionWhenPackageIsAvailableTests">
          <skipped />
    </testcase>
            <testcase name="validateFileSystemOnWD40Host1ToCheckSerFileDoesNotExists" time="0.0" classname="com.apple.carnival.ui.localinstall.LocalInstallHotfixUsingForceInstallOptionWhenPackageIsAvailableTests">
          <skipped />
    </testcase>
            <testcase name="uninstallPackageFromCarnivalHostWhileItsCurrent" time="0.0" classname="com.apple.carnival.ui.localinstall.LocalInstallHotfixUsingForceInstallOptionWhenPackageIsAvailableTests">
          <skipped />
    </testcase>
  
            <testcase name="init" time="0.001" classname="com.apple.carnival.ui.localinstall.LocalInstallHotfixUsingForceInstallOptionWhenPackageIsAvailableTests" />
      
</testsuite>
